# JRE version: Java(TM) SE Runtime Environment (8.0_91-b14) (build 1.8.0_91-b14)
# Java VM: Java HotSpot(TM) 64-Bit Server VM (25.91-b14 mixed mode bsd-amd64 compressed oops)
Heap:
 PSYoungGen      total 248832K, used 166254K [0x000000076ab00000, 0x000000077b600000, 0x00000007c0000000)
  eden space 235520K, 67% used [0x000000076ab00000,0x0000000774749028,0x0000000779100000)
  from space 13312K, 46% used [0x000000077a900000,0x000000077af128d8,0x000000077b600000)
  to   space 18944K, 0% used [0x0000000779100000,0x0000000779100000,0x000000077a380000)
 ParOldGen       total 152064K, used 24126K [0x00000006c0000000, 0x00000006c9480000, 0x000000076ab00000)
  object space 152064K, 15% used [0x00000006c0000000,0x00000006c178f980,0x00000006c9480000)
 Metaspace       used 44547K, capacity 45072K, committed 45360K, reserved 1089536K
  class space    used 5230K, capacity 5356K, committed 5424K, reserved 1048576K
GC Heap History (10 events):
Event: 3.314 GC heap before
{Heap before GC invocations=6 (full 1):
 PSYoungGen      total 102912K, used 102798K [0x000000076ab00000, 0x0000000771a80000, 0x00000007c0000000)
  eden space 92160K, 99% used [0x000000076ab00000,0x00000007704eadb8,0x0000000770500000)
  from space 10752K, 99% used [0x0000000770f80000,0x00000007719f8bc0,0x0000000771a00000)
  to   space 10752K, 0% used [0x0000000770500000,0x0000000770500000,0x0000000770f80000)
 ParOldGen       total 114176K, used 13108K [0x00000006c0000000, 0x00000006c6f80000, 0x000000076ab00000)
  object space 114176K, 11% used [0x00000006c0000000,0x00000006c0ccd398,0x00000006c6f80000)
 Metaspace       used 34500K, capacity 34836K, committed 35120K, reserved 1079296K
  class space    used 4273K, capacity 4364K, committed 4400K, reserved 1048576K
Event: 3.331 GC heap after
Heap after GC invocations=6 (full 1):
 PSYoungGen      total 102912K, used 10730K [0x000000076ab00000, 0x0000000775300000, 0x00000007c0000000)
  eden space 92160K, 0% used [0x000000076ab00000,0x000000076ab00000,0x0000000770500000)
  from space 10752K, 99% used [0x0000000770500000,0x0000000770f7a870,0x0000000770f80000)
  to   space 18944K, 0% used [0x0000000774080000,0x0000000774080000,0x0000000775300000)
 ParOldGen       total 114176K, used 21220K [0x00000006c0000000, 0x00000006c6f80000, 0x000000076ab00000)
  object space 114176K, 18% used [0x00000006c0000000,0x00000006c14b9220,0x00000006c6f80000)
 Metaspace       used 34500K, capacity 34836K, committed 35120K, reserved 1079296K
  class space    used 4273K, capacity 4364K, committed 4400K, reserved 1048576K
}
Event: 3.343 GC heap before
{Heap before GC invocations=7 (full 1):
 PSYoungGen      total 102912K, used 13825K [0x000000076ab00000, 0x0000000775300000, 0x00000007c0000000)
  eden space 92160K, 3% used [0x000000076ab00000,0x000000076ae05db8,0x0000000770500000)
  from space 10752K, 99% used [0x0000000770500000,0x0000000770f7a870,0x0000000770f80000)
  to   space 18944K, 0% used [0x0000000774080000,0x0000000774080000,0x0000000775300000)
 ParOldGen       total 114176K, used 21220K [0x00000006c0000000, 0x00000006c6f80000, 0x000000076ab00000)
  object space 114176K, 18% used [0x00000006c0000000,0x00000006c14b9220,0x00000006c6f80000)
 Metaspace       used 34958K, capacity 35284K, committed 35496K, reserved 1081344K
  class space    used 4273K, capacity 4364K, committed 4400K, reserved 1048576K
Event: 3.353 GC heap after
Heap after GC invocations=7 (full 1):
 PSYoungGen      total 153600K, used 11655K [0x000000076ab00000, 0x0000000777700000, 0x00000007c0000000)
  eden space 134656K, 0% used [0x000000076ab00000,0x000000076ab00000,0x0000000772e80000)
  from space 18944K, 61% used [0x0000000774080000,0x0000000774be1c30,0x0000000775300000)
  to   space 18432K, 0% used [0x0000000772e80000,0x0000000772e80000,0x0000000774080000)
 ParOldGen       total 114176K, used 21220K [0x00000006c0000000, 0x00000006c6f80000, 0x000000076ab00000)
  object space 114176K, 18% used [0x00000006c0000000,0x00000006c14b9220,0x00000006c6f80000)
 Metaspace       used 34958K, capacity 35284K, committed 35496K, reserved 1081344K
  class space    used 4273K, capacity 4364K, committed 4400K, reserved 1048576K
}
Event: 3.353 GC heap before
{Heap before GC invocations=8 (full 2):
 PSYoungGen      total 153600K, used 11655K [0x000000076ab00000, 0x0000000777700000, 0x00000007c0000000)
  eden space 134656K, 0% used [0x000000076ab00000,0x000000076ab00000,0x0000000772e80000)
  from space 18944K, 61% used [0x0000000774080000,0x0000000774be1c30,0x0000000775300000)
  to   space 18432K, 0% used [0x0000000772e80000,0x0000000772e80000,0x0000000774080000)
 ParOldGen       total 114176K, used 21220K [0x00000006c0000000, 0x00000006c6f80000, 0x000000076ab00000)
  object space 114176K, 18% used [0x00000006c0000000,0x00000006c14b9220,0x00000006c6f80000)
 Metaspace       used 34958K, capacity 35284K, committed 35496K, reserved 1081344K
  class space    used 4273K, capacity 4364K, committed 4400K, reserved 1048576K
Event: 3.407 GC heap after
Heap after GC invocations=8 (full 2):
 PSYoungGen      total 153600K, used 0K [0x000000076ab00000, 0x0000000777700000, 0x00000007c0000000)
  eden space 134656K, 0% used [0x000000076ab00000,0x000000076ab00000,0x0000000772e80000)
  from space 18944K, 0% used [0x0000000774080000,0x0000000774080000,0x0000000775300000)
  to   space 18432K, 0% used [0x0000000772e80000,0x0000000772e80000,0x0000000774080000)
 ParOldGen       total 152064K, used 24110K [0x00000006c0000000, 0x00000006c9480000, 0x000000076ab00000)
  object space 152064K, 15% used [0x00000006c0000000,0x00000006c178b980,0x00000006c9480000)
 Metaspace       used 34958K, capacity 35284K, committed 35496K, reserved 1081344K
  class space    used 4273K, capacity 4364K, committed 4400K, reserved 1048576K
}
Event: 579.472 GC heap before
{Heap before GC invocations=9 (full 2):
 PSYoungGen      total 153600K, used 134656K [0x000000076ab00000, 0x0000000777700000, 0x00000007c0000000)
  eden space 134656K, 100% used [0x000000076ab00000,0x0000000772e80000,0x0000000772e80000)
  from space 18944K, 0% used [0x0000000774080000,0x0000000774080000,0x0000000775300000)
  to   space 18432K, 0% used [0x0000000772e80000,0x0000000772e80000,0x0000000774080000)
 ParOldGen       total 152064K, used 24110K [0x00000006c0000000, 0x00000006c9480000, 0x000000076ab00000)
  object space 152064K, 15% used [0x00000006c0000000,0x00000006c178b980,0x00000006c9480000)
 Metaspace       used 41880K, capacity 42292K, committed 42672K, reserved 1087488K
  class space    used 5090K, capacity 5186K, committed 5296K, reserved 1048576K
Event: 579.482 GC heap after
Heap after GC invocations=9 (full 2):
 PSYoungGen      total 153088K, used 9966K [0x000000076ab00000, 0x000000077ba80000, 0x00000007c0000000)
  eden space 134656K, 0% used [0x000000076ab00000,0x000000076ab00000,0x0000000772e80000)
  from space 18432K, 54% used [0x0000000772e80000,0x000000077383ba60,0x0000000774080000)
  to   space 17920K, 0% used [0x000000077a900000,0x000000077a900000,0x000000077ba80000)
 ParOldGen       total 152064K, used 24118K [0x00000006c0000000, 0x00000006c9480000, 0x000000076ab00000)
  object space 152064K, 15% used [0x00000006c0000000,0x00000006c178d980,0x00000006c9480000)
 Metaspace       used 41880K, capacity 42292K, committed 42672K, reserved 1087488K
  class space    used 5090K, capacity 5186K, committed 5296K, reserved 1048576K
}
Event: 934.152 GC heap before
{Heap before GC invocations=10 (full 2):
 PSYoungGen      total 153088K, used 144622K [0x000000076ab00000, 0x000000077ba80000, 0x00000007c0000000)
  eden space 134656K, 100% used [0x000000076ab00000,0x0000000772e80000,0x0000000772e80000)
  from space 18432K, 54% used [0x0000000772e80000,0x000000077383ba60,0x0000000774080000)
  to   space 17920K, 0% used [0x000000077a900000,0x000000077a900000,0x000000077ba80000)
 ParOldGen       total 152064K, used 24118K [0x00000006c0000000, 0x00000006c9480000, 0x000000076ab00000)
  object space 152064K, 15% used [0x00000006c0000000,0x00000006c178d980,0x00000006c9480000)
 Metaspace       used 43085K, capacity 43546K, committed 43952K, reserved 1087488K
  class space    used 5147K, capacity 5267K, committed 5296K, reserved 1048576K
Event: 934.159 GC heap after
Heap after GC invocations=10 (full 2):
 PSYoungGen      total 248832K, used 6218K [0x000000076ab00000, 0x000000077b600000, 0x00000007c0000000)
  eden space 235520K, 0% used [0x000000076ab00000,0x000000076ab00000,0x0000000779100000)
  from space 13312K, 46% used [0x000000077a900000,0x000000077af128d8,0x000000077b600000)
  to   space 18944K, 0% used [0x0000000779100000,0x0000000779100000,0x000000077a380000)
 ParOldGen       total 152064K, used 24126K [0x00000006c0000000, 0x00000006c9480000, 0x000000076ab00000)
  object space 152064K, 15% used [0x00000006c0000000,0x00000006c178f980,0x00000006c9480000)
 Metaspace       used 43085K, capacity 43546K, committed 43952K, reserved 1087488K
  class space    used 5147K, capacity 5267K, committed 5296K, reserved 1048576K
}

